artemis-android/proguard/seeds.txt
com.chemicalwedding.artemis.AboutActivity
com.chemicalwedding.artemis.AboutActivity: AboutActivity()
com.chemicalwedding.artemis.ArtemisActivity
com.chemicalwedding.artemis.ArtemisActivity: ArtemisActivity()
com.chemicalwedding.artemis.ArtemisApplication
com.chemicalwedding.artemis.ArtemisApplication: ArtemisApplication()
com.chemicalwedding.artemis.ArtemisPreferenceFragment
com.chemicalwedding.artemis.ArtemisRectF
com.chemicalwedding.artemis.ArtemisViewFlipper
com.chemicalwedding.artemis.ArtemisViewFlipper: ArtemisViewFlipper(android.content.Context,android.util.AttributeSet)
com.chemicalwedding.artemis.CameraAngleDetailView
com.chemicalwedding.artemis.CameraAngleDetailView: CameraAngleDetailView(android.content.Context,android.util.AttributeSet)
com.chemicalwedding.artemis.CameraContainerView
com.chemicalwedding.artemis.CameraContainerView: CameraContainerView(android.content.Context,android.util.AttributeSet)
com.chemicalwedding.artemis.CameraOverlay
com.chemicalwedding.artemis.CameraOverlay: CameraOverlay(android.content.Context,android.util.AttributeSet)
com.chemicalwedding.artemis.CameraPreview14
com.chemicalwedding.artemis.CameraPreview14: CameraPreview14(android.content.Context,android.util.AttributeSet)
com.chemicalwedding.artemis.CameraPreview14: void setArtemisMath(com.chemicalwedding.artemis.ArtemisMath)
com.chemicalwedding.artemis.CameraPreview14: void setWhiteBalance(java.lang.String)
com.chemicalwedding.artemis.CameraPreview14: void setExposureCompensation(java.lang.Integer)
com.chemicalwedding.artemis.CameraPreview14: void setFlash(boolean)
com.chemicalwedding.artemis.CameraPreview14: void setPreviewSize(android.hardware.Camera$Size)
com.chemicalwedding.artemis.CustomCameraCalibrationActivity
com.chemicalwedding.artemis.CustomCameraCalibrationActivity: CustomCameraCalibrationActivity()
com.chemicalwedding.artemis.CustomCameraOverlay
com.chemicalwedding.artemis.CustomCameraOverlay: CustomCameraOverlay(android.content.Context,android.util.AttributeSet)
com.chemicalwedding.artemis.CustomCameraPreview: void setArtemisMath(com.chemicalwedding.artemis.ArtemisMath)
com.chemicalwedding.artemis.LongPressButton
com.chemicalwedding.artemis.LongPressButton: LongPressButton(android.content.Context,android.util.AttributeSet,int)
com.chemicalwedding.artemis.LongPressButton: LongPressButton(android.content.Context,android.util.AttributeSet)
com.chemicalwedding.artemis.LongPressButton: LongPressButton(android.content.Context)
com.chemicalwedding.artemis.LongPressButton: com.chemicalwedding.artemis.LongPressButton$ClickBoolean getClickBoolean()
com.chemicalwedding.artemis.R$anim: int slide_in_left
com.chemicalwedding.artemis.R$anim: int slide_in_right
com.chemicalwedding.artemis.R$anim: int slide_in_top
com.chemicalwedding.artemis.R$anim: int slide_out_left
com.chemicalwedding.artemis.R$anim: int slide_out_right
...
com.sbstrm.appirater.R$bool: int appirator_test_mode
com.sbstrm.appirater.R$color: int appirator_button_end_color
com.sbstrm.appirater.R$color: int appirator_button_start_color
com.sbstrm.appirater.R$color: int appirator_button_text_color
com.sbstrm.appirater.R$drawable: int button_appirator
com.sbstrm.appirater.R$id: int cancel
com.sbstrm.appirater.R$id: int message
com.sbstrm.appirater.R$id: int rate
com.sbstrm.appirater.R$id: int rateLater
com.sbstrm.appirater.R$integer: int appirator_days_before_reminding
com.sbstrm.appirater.R$integer: int appirator_days_until_prompt
com.sbstrm.appirater.R$integer: int appirator_launches_until_prompt
com.sbstrm.appirater.R$layout: int appirater
com.sbstrm.appirater.R$string: int appirator_app_title
com.sbstrm.appirater.R$string: int appirator_market_url
com.sbstrm.appirater.R$string: int rate
com.sbstrm.appirater.R$string: int rate_cancel
com.sbstrm.appirater.R$string: int rate_later
com.sbstrm.appirater.R$string: int rate_message
com.sbstrm.appirater.R$string: int rate_title
com.sbstrm.appirater.R$style: int appiratorButton