artemis-android/proguard/mapping.txt
com.chemicalwedding.artemis.AboutActivity -> com.chemicalwedding.artemis.AboutActivity:
    void onCreate(android.os.Bundle) -> onCreate
com.chemicalwedding.artemis.AboutActivity$1 -> com.chemicalwedding.artemis.a:
    com.chemicalwedding.artemis.AboutActivity this$0 -> a
    void onClick(android.view.View) -> onClick
com.chemicalwedding.artemis.AboutActivity$2 -> com.chemicalwedding.artemis.b:
    com.chemicalwedding.artemis.AboutActivity this$0 -> a
    void onClick(android.view.View) -> onClick
com.chemicalwedding.artemis.AboutActivity$3 -> com.chemicalwedding.artemis.c:
    com.chemicalwedding.artemis.AboutActivity this$0 -> a
    void onClick(android.view.View) -> onClick
com.chemicalwedding.artemis.ArtemisActivity -> com.chemicalwedding.artemis.ArtemisActivity:
    java.lang.String _logTag -> w
    android.os.Handler mUiHandler -> x
    com.chemicalwedding.artemis.CameraPreview14 _cameraPreview -> y
    com.chemicalwedding.artemis.LongPressButton _nextLensButton -> z
    com.chemicalwedding.artemis.LongPressButton _prevLensButton -> A
    com.chemicalwedding.artemis.LongPressButton$ClickBoolean nextClickBoolean -> B
    com.chemicalwedding.artemis.LongPressButton$ClickBoolean prevClickBoolean -> C
    android.widget.ViewFlipper viewFlipper -> a
    android.widget.ViewFlipper _cameraSettingsFlipper -> D
    android.widget.ViewFlipper _lensSettingsFlipper -> E
    android.widget.ViewFlipper savePictureViewFlipper -> F
    android.widget.TextView _cameraDetailsText -> b
    android.widget.TextView _lensMakeText -> c
    android.widget.TextView headingTiltText -> d
    android.widget.ListView _lensListView -> G
    android.content.Context _activityContext -> H
    android.widget.TextView _lensFocalLengthText -> e
    com.chemicalwedding.artemis.CameraOverlay mCameraOverlay -> f
    com.chemicalwedding.artemis.CameraAngleDetailView mCameraAngleDetailView -> g
    com.chemicalwedding.artemis.database.ArtemisDatabaseHelper _artemisDBHelper -> I
    int currentViewId -> h
    com.chemicalwedding.artemis.database.Camera _selectedCamera -> J
    com.chemicalwedding.artemis.database.Camera tempSelectedCamera -> K
com.chemicalwedding.artemis.ArtemisActivity$1 -> com.chemicalwedding.artemis.d:
    float[] lastAccelValue -> a
    float[] lastMagValue -> b
    float[] inR -> c
    float[] outR -> d
    float[] orientationVector -> e
    com.chemicalwedding.artemis.ArtemisActivity$1$FloatAverage yawAvg -> f
    com.chemicalwedding.artemis.ArtemisActivity$1$FloatAverage pitchAvg -> g
    com.chemicalwedding.artemis.ArtemisActivity$1$FloatAverage rollAvg -> h
    com.chemicalwedding.artemis.ArtemisActivity this$0 -> i
    void onSensorChanged(android.hardware.SensorEvent) -> onSensorChanged
    void onAccuracyChanged(android.hardware.Sensor,int) -> onAccuracyChanged
com.chemicalwedding.artemis.ArtemisActivity$1$FloatAverage -> com.chemicalwedding.artemis.e:
    java.util.ArrayList lastValues -> a
    com.chemicalwedding.artemis.ArtemisActivity$1 this$1 -> b
    void add(java.lang.Float) -> a
    java.lang.Float average() -> a
com.chemicalwedding.artemis.ArtemisActivity$10 -> com.chemicalwedding.artemis.f:
    com.chemicalwedding.artemis.ArtemisActivity this$0 -> a
    void onClick(android.view.View) -> onClick
com.chemicalwedding.artemis.ArtemisActivity$11 -> com.chemicalwedding.artemis.g:
    com.chemicalwedding.artemis.ArtemisActivity this$0 -> a
    void onClick(android.view.View) -> onClick
com.chemicalwedding.artemis.ArtemisActivity$12 -> com.chemicalwedding.artemis.h:
    com.chemicalwedding.artemis.ArtemisActivity this$0 -> a
    void onClick(android.view.View) -> onClick
com.chemicalwedding.artemis.ArtemisActivity$13 -> com.chemicalwedding.artemis.i:
    com.chemicalwedding.artemis.ArtemisActivity this$0 -> a
    void onClick(android.view.View) -> onClick
    com.chemicalwedding.artemis.ArtemisActivity access$0(com.chemicalwedding.artemis.ArtemisActivity$13) -> a
...
com.google.android.vending.licensing.AESObfuscator -> com.a.a.a.a.a:
    byte[] IV -> a
    javax.crypto.Cipher mEncryptor -> b
    javax.crypto.Cipher mDecryptor -> c
    java.lang.String obfuscate(java.lang.String,java.lang.String) -> a
    java.lang.String unobfuscate(java.lang.String,java.lang.String) -> b
com.google.android.vending.licensing.DeviceLimiter -> com.a.a.a.a.b:
com.google.android.vending.licensing.ILicenseResultListener -> com.a.a.a.a.c:
    void verifyLicense(int,java.lang.String,java.lang.String) -> a
com.google.android.vending.licensing.ILicenseResultListener$Stub -> com.a.a.a.a.d:
    android.os.IBinder asBinder() -> asBinder
    boolean onTransact(int,android.os.Parcel,android.os.Parcel,int) -> onTransact
com.google.android.vending.licensing.ILicenseResultListener$Stub$Proxy -> com.a.a.a.a.e:
    android.os.IBinder mRemote -> a
    android.os.IBinder asBinder() -> asBinder
    void verifyLicense(int,java.lang.String,java.lang.String) -> a
com.google.android.vending.licensing.ILicensingService -> com.a.a.a.a.f:
    void checkLicense(long,java.lang.String,com.google.android.vending.licensing.ILicenseResultListener) -> a
com.google.android.vending.licensing.ILicensingService$Stub -> com.a.a.a.a.g:
    com.google.android.vending.licensing.ILicensingService asInterface(android.os.IBinder) -> a
    boolean onTransact(int,android.os.Parcel,android.os.Parcel,int) -> onTransact
com.google.android.vending.licensing.ILicensingService$Stub$Proxy -> com.a.a.a.a.h:
    android.os.IBinder mRemote -> a
    android.os.IBinder asBinder() -> asBinder
    void checkLicense(long,java.lang.String,com.google.android.vending.licensing.ILicenseResultListener) -> a
com.google.android.vending.licensing.LicenseChecker -> com.a.a.a.a.i:
    java.security.SecureRandom RANDOM -> a
    com.google.android.vending.licensing.ILicensingService mService -> b
    java.security.PublicKey mPublicKey -> c
    android.content.Context mContext -> d
    com.google.android.vending.licensing.Policy mPolicy -> e
    android.os.Handler mHandler -> f
    java.lang.String mPackageName -> g
    java.lang.String mVersionCode -> h
    java.util.Set mChecksInProgress -> i
    java.util.Queue mPendingChecks -> j
    java.security.PublicKey generatePublicKey(java.lang.String) -> a
    void checkAccess(com.google.android.vending.licensing.LicenseCheckerCallback) -> a
    void runChecks() -> b
    void finishCheck(com.google.android.vending.licensing.LicenseValidator) -> a
    void onServiceConnected(android.content.ComponentName,android.os.IBinder) -> onServiceConnected
    void onServiceDisconnected(android.content.ComponentName) -> onServiceDisconnected
    void handleServiceConnectionError(com.google.android.vending.licensing.LicenseValidator) -> b
    void cleanupService() -> c
    void onDestroy() -> a
    java.lang.String getVersionCode(android.content.Context,java.lang.String) -> a
    void access$0(com.google.android.vending.licensing.LicenseChecker,com.google.android.vending.licensing.LicenseValidator) -> a
    void access$1(com.google.android.vending.licensing.LicenseChecker,com.google.android.vending.licensing.LicenseValidator) -> b
com.google.android.vending.licensing.LicenseChecker$ResultListener -> com.a.a.a.a.j:
    com.google.android.vending.licensing.LicenseValidator mValidator -> b
    java.lang.Runnable mOnTimeout -> c
    com.google.android.vending.licensing.LicenseChecker this$0 -> a
    void verifyLicense(int,java.lang.String,java.lang.String) -> a
    com.google.android.vending.licensing.LicenseValidator access$0(com.google.android.vending.licensing.LicenseChecker$ResultListener) -> a
    void access$1(com.google.android.vending.licensing.LicenseChecker$ResultListener) -> b
    com.google.android.vending.licensing.LicenseChecker access$2(com.google.android.vending.licensing.LicenseChecker$ResultListener) -> c