artemis-android/proguard/usage.txt
com.chemicalwedding.artemis.ArtemisActivity:
    private static final java.lang.String DEFAULT_LENS_MAKE
    private static final java.lang.String DEFAULT_LENSES
    private static final int DEFAULT_CAMERA_ROW
    private static final int GALLERY_IMAGE_LOADER
    protected static final long lensRepeatSpeedCustomLens
    protected static final long lensRepeatSpeedNormal
    1175:1181:public static java.lang.String getBucketId(java.lang.String)
com.chemicalwedding.artemis.ArtemisActivity$1$FloatAverage:
    static final int SAMPLE
com.chemicalwedding.artemis.ArtemisApplication:
    private static final java.lang.String logTag
com.chemicalwedding.artemis.ArtemisMath:
    private static final float WALL_DISTANCE
    private static final java.lang.String logTag
    private static final int SPACING
    static final float ZOOM_LENS_CLICK_FACTOR
    58:58:public void setupDeviceCameraDetails()
    90:96:public void setCustomViewAngle(float,float)
    154:154:public static float calculateAngleForCustomCamera(float)
    405:406:public void set_minTouchX(float)
    413:414:public void set_minTouchY(float)
    421:422:public void set_maxTouchX(float)
    429:430:public void set_maxTouchY(float)
    445:445:public int get_selectedLensIndex()
    449:450:public void set_selectedLensIndex(int)
    581:581:public float getPixelDensity()
com.chemicalwedding.artemis.ArtemisPreferences:
    public static final java.lang.String GPS_ENABLED
    public static final java.lang.String SELECTED_LENS_MAKE
    public static final java.lang.String SELECTED_LENS_ROW_CSV
    public static final java.lang.String SAVE_PICTURE_FOLDER
    public static final java.lang.String SELECTED_CAMERA_ROW
    public static final java.lang.String SELECTED_EXPOSURE_LEVEL
    public static final java.lang.String SELECTED_WHITE_BALANCE
    public static final java.lang.String FLASH_ENABLED
    public static final java.lang.String QUICKSHOT_ENABLED
    public static final java.lang.String LOCK_BOXES_ENABLED
    public static final java.lang.String PREVIEW_SELECTION
    public static final java.lang.String SMOOTH_IMAGE_ENABLED
    public static final java.lang.String HEADING_DISPLAY
    public static final java.lang.String SAVE_PICTURE_SHOW_DESCRIPTION
    public static final java.lang.String SAVE_PICTURE_SHOW_NOTES
    public static final java.lang.String SAVE_PICTURE_SHOW_CAMERA_DETAILS
    public static final java.lang.String SAVE_PICTURE_SHOW_LENS_DETAILS
    public static final java.lang.String SAVE_PICTURE_SHOW_GPS_DETAILS
    public static final java.lang.String SAVE_PICTURE_SHOW_GPS_LOCATION
    public static final java.lang.String SAVE_PICTURE_SHOW_LENS_VIEW_ANGLES
    public static final java.lang.String SAVE_PICTURE_SHOW_DATE_TIME
    public static final java.lang.String SAVE_PICTURE_SHOW_HEADING
com.chemicalwedding.artemis.BuildConfig
com.chemicalwedding.artemis.CameraPreview14:
    private static final java.lang.String logTag
    106:107:public void surfaceDestroyed(android.view.SurfaceHolder)
    110:110:public void surfaceChanged(android.view.SurfaceHolder,int,int,int)
    963:963:public void clearFullScreenTempFrame()
    969:972:public void resetDigitalZoomLevel()
com.chemicalwedding.artemis.CustomCameraCalibrationActivity:
    private static final float WALL_DISTANCE
    protected static final long lensRepeatSpeed
com.chemicalwedding.artemis.CustomCameraPreview:
    private static final java.lang.String logTag
...
com.google.android.vending.licensing.AESObfuscator:
    private static final java.lang.String UTF8
    private static final java.lang.String KEYGEN_ALGORITHM
    private static final java.lang.String CIPHER_ALGORITHM
    private static final java.lang.String header
com.google.android.vending.licensing.APKExpansionPolicy
com.google.android.vending.licensing.ILicenseResultListener$Stub:
    private static final java.lang.String DESCRIPTOR
    static final int TRANSACTION_verifyLicense
com.google.android.vending.licensing.ILicenseResultListener$Stub$Proxy:
    79:79:public java.lang.String getInterfaceDescriptor()
com.google.android.vending.licensing.ILicensingService$Stub:
    private static final java.lang.String DESCRIPTOR
    static final int TRANSACTION_checkLicense
    19:22:public ILicensingService$Stub()
    40:40:public android.os.IBinder asBinder()
com.google.android.vending.licensing.ILicensingService$Stub$Proxy:
    79:79:public java.lang.String getInterfaceDescriptor()
com.google.android.vending.licensing.LicenseChecker:
    private static final java.lang.String TAG
    private static final java.lang.String KEY_FACTORY_ALGORITHM
    private static final int TIMEOUT_MS
    private static final boolean DEBUG_LICENSE_ERROR
com.google.android.vending.licensing.LicenseChecker$ResultListener:
    private static final int ERROR_CONTACTING_SERVER
    private static final int ERROR_INVALID_PACKAGE_NAME
    private static final int ERROR_NON_MATCHING_UID
com.google.android.vending.licensing.LicenseCheckerCallback:
    public static final int ERROR_INVALID_PACKAGE_NAME
    public static final int ERROR_NON_MATCHING_UID
    public static final int ERROR_NOT_MARKET_MANAGED
    public static final int ERROR_CHECK_IN_PROGRESS
    public static final int ERROR_INVALID_PUBLIC_KEY
    public static final int ERROR_MISSING_PERMISSION
com.google.android.vending.licensing.LicenseValidator:
    private static final java.lang.String TAG
    private static final int LICENSED
    private static final int NOT_LICENSED
    private static final int LICENSED_OLD_KEY
    private static final int ERROR_NOT_MARKET_MANAGED
    private static final int ERROR_SERVER_FAILURE
    private static final int ERROR_OVER_QUOTA
    private static final int ERROR_CONTACTING_SERVER
    private static final int ERROR_INVALID_PACKAGE_NAME
    private static final int ERROR_NON_MATCHING_UID
    private static final java.lang.String SIGNATURE_ALGORITHM
com.google.android.vending.licensing.Policy:
    public static final int LICENSED
    public static final int NOT_LICENSED
    public static final int RETRY
com.google.android.vending.licensing.PreferenceObfuscator:
    private static final java.lang.String TAG
com.google.android.vending.licensing.ServerManagedPolicy
com.google.android.vending.licensing.StrictPolicy
com.google.android.vending.licensing.ValidationException:
    private static final long serialVersionUID
com.google.android.vending.licensing.util.Base64:
    public static final boolean ENCODE
    public static final boolean DECODE
    private static final byte EQUALS_SIGN
    private static final byte NEW_LINE
    private static final byte WHITE_SPACE_ENC
    private static final byte EQUALS_SIGN_ENC
    258:258:public static java.lang.String encodeWebSafe(byte[],boolean)
    431:432:public static byte[] decodeWebSafe(java.lang.String)
    445:445:public static byte[] decode(byte[])
    458:458:public static byte[] decodeWebSafe(byte[])
    489:489:public static byte[] decodeWebSafe(byte[],int,int)
com.google.android.vending.licensing.util.Base64DecoderException:
    private static final long serialVersionUID